module.js:549
    throw err;
    ^

Error: Cannot find module 'shelljs'
    at Function.Module._resolveFilename (module.js:547:15)
    at Function.Module._load (module.js:474:25)
    at Module.require (module.js:596:17)
    at require (internal/module.js:11:18)
    at Object.<anonymous> (/home/pi/wooterer/exec.js:6:12)
    at Module._compile (module.js:652:30)
    at Object.Module._extensions..js (module.js:663:10)
    at Module.load (module.js:565:32)
    at tryModuleLoad (module.js:505:12)
    at Function.Module._load (module.js:497:3)
fatal: Not a git repository (or any of the parent directories): .git

/home/pi/wooterer/git.js:19
		return exec( 'git rev-parse --abbrev-ref HEAD' ).trim();
		                                                ^

TypeError: Cannot read property 'trim' of undefined
    at Object.getCurrentBranch (/home/pi/wooterer/git.js:19:51)
    at Object.<anonymous> (/home/pi/wooterer/index.js:10:10)
    at Module._compile (module.js:652:30)
    at Object.Module._extensions..js (module.js:663:10)
    at Module.load (module.js:565:32)
    at tryModuleLoad (module.js:505:12)
    at Function.Module._load (module.js:497:3)
    at Function.Module.runMain (module.js:693:10)
    at startup (bootstrap_node.js:191:16)
    at bootstrap_node.js:612:3

*** Please tell me who you are.

Run

  git config --global user.email "you@example.com"
  git config --global user.name "Your Name"

to set your account's default identity.
Omit --global to set the identity only in this repository.

fatal: unable to auto-detect email address (got 'root@raspberrypi.(none)')

Host key verification failed.
fatal: Could not read from remote repository.

Please make sure you have the correct access rights
and the repository exists.

